# JRE version: OpenJDK Runtime Environment Temurin-21.0.9+10 (21.0.9+10) (build 21.0.9+10-LTS)
# Java VM: OpenJDK 64-Bit Server VM Temurin-21.0.9+10 (21.0.9+10-LTS, mixed mode, sharing, tiered, compressed oops, compressed class ptrs, parallel gc, windows-amd64)
GC Precious Log:
 CardTable entry size: 512
 CPUs: 12 total, 12 available
 Memory: 16052M
 Large Page Support: Disabled
 NUMA Support: Disabled
 Compressed Oops: Enabled (32-bit)
 Alignments: Space 512K, Generation 512K, Heap 2M
 Heap Min Capacity: 100M
 Heap Initial Capacity: 100M
 Heap Max Capacity: 2G
 Pre-touch: Disabled
 Parallel Workers: 10
Heap:
 PSYoungGen      total 3072K, used 710K [0x00000000d5580000, 0x00000000d5980000, 0x0000000100000000)
  eden space 2560K, 10% used [0x00000000d5580000,0x00000000d55c1b70,0x00000000d5800000)
  from space 512K, 87% used [0x00000000d5900000,0x00000000d5970000,0x00000000d5980000)
  to   space 512K, 0% used [0x00000000d5880000,0x00000000d5880000,0x00000000d5900000)
 ParOldGen       total 468992K, used 59617K [0x0000000080000000, 0x000000009ca00000, 0x00000000d5580000)
  object space 468992K, 12% used [0x0000000080000000,0x0000000083a38758,0x000000009ca00000)
 Metaspace       used 74181K, committed 75968K, reserved 1179648K
  class space    used 7546K, committed 8320K, reserved 1048576K
GC Heap History (20 events):
Event: 11858.861 GC heap before
{Heap before GC invocations=475 (full 4):
 PSYoungGen      total 4096K, used 3840K [0x00000000d5580000, 0x00000000d5a80000, 0x0000000100000000)
  eden space 3072K, 100% used [0x00000000d5580000,0x00000000d5880000,0x00000000d5880000)
  from space 1024K, 75% used [0x00000000d5980000,0x00000000d5a40000,0x00000000d5a80000)
  to   space 1024K, 0% used [0x00000000d5880000,0x00000000d5880000,0x00000000d5980000)
 ParOldGen       total 468992K, used 55423K [0x0000000080000000, 0x000000009ca00000, 0x00000000d5580000)
  object space 468992K, 11% used [0x0000000080000000,0x000000008361fc38,0x000000009ca00000)
 Metaspace       used 74103K, committed 75968K, reserved 1179648K
  class space    used 7543K, committed 8320K, reserved 1048576K
}
Event: 11858.862 GC heap after
{Heap after GC invocations=475 (full 4):
 PSYoungGen      total 4096K, used 512K [0x00000000d5580000, 0x00000000d5a80000, 0x0000000100000000)
  eden space 3072K, 0% used [0x00000000d5580000,0x00000000d5580000,0x00000000d5880000)
  from space 1024K, 50% used [0x00000000d5880000,0x00000000d5900000,0x00000000d5980000)
  to   space 1024K, 0% used [0x00000000d5980000,0x00000000d5980000,0x00000000d5a80000)
 ParOldGen       total 468992K, used 56061K [0x0000000080000000, 0x000000009ca00000, 0x00000000d5580000)
  object space 468992K, 11% used [0x0000000080000000,0x00000000836bf740,0x000000009ca00000)
 Metaspace       used 74103K, committed 75968K, reserved 1179648K
  class space    used 7543K, committed 8320K, reserved 1048576K
}
Event: 11859.642 GC heap before
{Heap before GC invocations=476 (full 4):
 PSYoungGen      total 4096K, used 3583K [0x00000000d5580000, 0x00000000d5a80000, 0x0000000100000000)
  eden space 3072K, 99% used [0x00000000d5580000,0x00000000d587fff0,0x00000000d5880000)
  from space 1024K, 50% used [0x00000000d5880000,0x00000000d5900000,0x00000000d5980000)
  to   space 1024K, 0% used [0x00000000d5980000,0x00000000d5980000,0x00000000d5a80000)
 ParOldGen       total 468992K, used 56061K [0x0000000080000000, 0x000000009ca00000, 0x00000000d5580000)
  object space 468992K, 11% used [0x0000000080000000,0x00000000836bf740,0x000000009ca00000)
 Metaspace       used 74126K, committed 75968K, reserved 1179648K
  class space    used 7546K, committed 8320K, reserved 1048576K
}
Event: 11859.646 GC heap after
{Heap after GC invocations=476 (full 4):
 PSYoungGen      total 4096K, used 528K [0x00000000d5580000, 0x00000000d5a80000, 0x0000000100000000)
  eden space 3072K, 0% used [0x00000000d5580000,0x00000000d5580000,0x00000000d5880000)
  from space 1024K, 51% used [0x00000000d5980000,0x00000000d5a04010,0x00000000d5a80000)
  to   space 1024K, 0% used [0x00000000d5880000,0x00000000d5880000,0x00000000d5980000)
 ParOldGen       total 468992K, used 56369K [0x0000000080000000, 0x000000009ca00000, 0x00000000d5580000)
  object space 468992K, 12% used [0x0000000080000000,0x000000008370c750,0x000000009ca00000)
 Metaspace       used 74126K, committed 75968K, reserved 1179648K
  class space    used 7546K, committed 8320K, reserved 1048576K
}
Event: 11859.659 GC heap before
{Heap before GC invocations=477 (full 4):
 PSYoungGen      total 4096K, used 3599K [0x00000000d5580000, 0x00000000d5a80000, 0x0000000100000000)
  eden space 3072K, 99% used [0x00000000d5580000,0x00000000d587ffe8,0x00000000d5880000)
  from space 1024K, 51% used [0x00000000d5980000,0x00000000d5a04010,0x00000000d5a80000)
  to   space 1024K, 0% used [0x00000000d5880000,0x00000000d5880000,0x00000000d5980000)
 ParOldGen       total 468992K, used 56369K [0x0000000080000000, 0x000000009ca00000, 0x00000000d5580000)
  object space 468992K, 12% used [0x0000000080000000,0x000000008370c750,0x000000009ca00000)
 Metaspace       used 74131K, committed 75968K, reserved 1179648K
  class space    used 7546K, committed 8320K, reserved 1048576K
}
Event: 11859.661 GC heap after
{Heap after GC invocations=477 (full 4):
 PSYoungGen      total 4096K, used 816K [0x00000000d5580000, 0x00000000d5a80000, 0x0000000100000000)
  eden space 3072K, 0% used [0x00000000d5580000,0x00000000d5580000,0x00000000d5880000)
  from space 1024K, 79% used [0x00000000d5880000,0x00000000d594c030,0x00000000d5980000)
  to   space 1024K, 0% used [0x00000000d5980000,0x00000000d5980000,0x00000000d5a80000)
 ParOldGen       total 468992K, used 56706K [0x0000000080000000, 0x000000009ca00000, 0x00000000d5580000)
  object space 468992K, 12% used [0x0000000080000000,0x0000000083760808,0x000000009ca00000)
 Metaspace       used 74131K, committed 75968K, reserved 1179648K
  class space    used 7546K, committed 8320K, reserved 1048576K
}
Event: 11859.683 GC heap before
{Heap before GC invocations=478 (full 4):
 PSYoungGen      total 4096K, used 3888K [0x00000000d5580000, 0x00000000d5a80000, 0x0000000100000000)
  eden space 3072K, 100% used [0x00000000d5580000,0x00000000d5880000,0x00000000d5880000)
  from space 1024K, 79% used [0x00000000d5880000,0x00000000d594c030,0x00000000d5980000)
  to   space 1024K, 0% used [0x00000000d5980000,0x00000000d5980000,0x00000000d5a80000)
 ParOldGen       total 468992K, used 56706K [0x0000000080000000, 0x000000009ca00000, 0x00000000d5580000)
  object space 468992K, 12% used [0x0000000080000000,0x0000000083760808,0x000000009ca00000)
 Metaspace       used 74131K, committed 75968K, reserved 1179648K
  class space    used 7546K, committed 8320K, reserved 1048576K
}
Event: 11859.685 GC heap after
{Heap after GC invocations=478 (full 4):
 PSYoungGen      total 4096K, used 368K [0x00000000d5580000, 0x00000000d5a80000, 0x0000000100000000)
  eden space 3072K, 0% used [0x00000000d5580000,0x00000000d5580000,0x00000000d5880000)
  from space 1024K, 35% used [0x00000000d5980000,0x00000000d59dc010,0x00000000d5a80000)
  to   space 1024K, 0% used [0x00000000d5880000,0x00000000d5880000,0x00000000d5980000)
 ParOldGen       total 468992K, used 57387K [0x0000000080000000, 0x000000009ca00000, 0x00000000d5580000)
  object space 468992K, 12% used [0x0000000080000000,0x000000008380ad08,0x000000009ca00000)
 Metaspace       used 74131K, committed 75968K, reserved 1179648K
  class space    used 7546K, committed 8320K, reserved 1048576K
}
Event: 11859.884 GC heap before
{Heap before GC invocations=479 (full 4):
 PSYoungGen      total 4096K, used 3440K [0x00000000d5580000, 0x00000000d5a80000, 0x0000000100000000)
  eden space 3072K, 100% used [0x00000000d5580000,0x00000000d5880000,0x00000000d5880000)
  from space 1024K, 35% used [0x00000000d5980000,0x00000000d59dc010,0x00000000d5a80000)
  to   space 1024K, 0% used [0x00000000d5880000,0x00000000d5880000,0x00000000d5980000)
 ParOldGen       total 468992K, used 57387K [0x0000000080000000, 0x000000009ca00000, 0x00000000d5580000)
  object space 468992K, 12% used [0x0000000080000000,0x000000008380ad08,0x000000009ca00000)
 Metaspace       used 74149K, committed 75968K, reserved 1179648K
  class space    used 7546K, committed 8320K, reserved 1048576K
}
Event: 11859.885 GC heap after
{Heap after GC invocations=479 (full 4):
 PSYoungGen      total 4096K, used 448K [0x00000000d5580000, 0x00000000d5a00000, 0x0000000100000000)
  eden space 3072K, 0% used [0x00000000d5580000,0x00000000d5580000,0x00000000d5880000)
  from space 1024K, 43% used [0x00000000d5880000,0x00000000d58f0000,0x00000000d5980000)
  to   space 512K, 0% used [0x00000000d5980000,0x00000000d5980000,0x00000000d5a00000)
 ParOldGen       total 468992K, used 57635K [0x0000000080000000, 0x000000009ca00000, 0x00000000d5580000)
  object space 468992K, 12% used [0x0000000080000000,0x0000000083848d28,0x000000009ca00000)
 Metaspace       used 74149K, committed 75968K, reserved 1179648K
  class space    used 7546K, committed 8320K, reserved 1048576K
}
Event: 11860.015 GC heap before
{Heap before GC invocations=480 (full 4):
 PSYoungGen      total 4096K, used 3520K [0x00000000d5580000, 0x00000000d5a00000, 0x0000000100000000)
  eden space 3072K, 100% used [0x00000000d5580000,0x00000000d5880000,0x00000000d5880000)
  from space 1024K, 43% used [0x00000000d5880000,0x00000000d58f0000,0x00000000d5980000)
  to   space 512K, 0% used [0x00000000d5980000,0x00000000d5980000,0x00000000d5a00000)
 ParOldGen       total 468992K, used 57635K [0x0000000080000000, 0x000000009ca00000, 0x00000000d5580000)
  object space 468992K, 12% used [0x0000000080000000,0x0000000083848d28,0x000000009ca00000)
 Metaspace       used 74158K, committed 75968K, reserved 1179648K
  class space    used 7546K, committed 8320K, reserved 1048576K
}
Event: 11860.018 GC heap after
{Heap after GC invocations=480 (full 4):
 PSYoungGen      total 3072K, used 512K [0x00000000d5580000, 0x00000000d5b80000, 0x0000000100000000)
  eden space 2560K, 0% used [0x00000000d5580000,0x00000000d5580000,0x00000000d5800000)
  from space 512K, 100% used [0x00000000d5980000,0x00000000d5a00000,0x00000000d5a00000)
  to   space 1536K, 0% used [0x00000000d5800000,0x00000000d5800000,0x00000000d5980000)
 ParOldGen       total 468992K, used 58087K [0x0000000080000000, 0x000000009ca00000, 0x00000000d5580000)
  object space 468992K, 12% used [0x0000000080000000,0x00000000838b9d38,0x000000009ca00000)
 Metaspace       used 74158K, committed 75968K, reserved 1179648K
  class space    used 7546K, committed 8320K, reserved 1048576K
}
Event: 11860.036 GC heap before
{Heap before GC invocations=481 (full 4):
 PSYoungGen      total 3072K, used 3072K [0x00000000d5580000, 0x00000000d5b80000, 0x0000000100000000)
  eden space 2560K, 100% used [0x00000000d5580000,0x00000000d5800000,0x00000000d5800000)
  from space 512K, 100% used [0x00000000d5980000,0x00000000d5a00000,0x00000000d5a00000)
  to   space 1536K, 0% used [0x00000000d5800000,0x00000000d5800000,0x00000000d5980000)
 ParOldGen       total 468992K, used 58087K [0x0000000080000000, 0x000000009ca00000, 0x00000000d5580000)
  object space 468992K, 12% used [0x0000000080000000,0x00000000838b9d38,0x000000009ca00000)
 Metaspace       used 74163K, committed 75968K, reserved 1179648K
  class space    used 7546K, committed 8320K, reserved 1048576K
}
Event: 11860.039 GC heap after
{Heap after GC invocations=481 (full 4):
 PSYoungGen      total 3072K, used 368K [0x00000000d5580000, 0x00000000d5a00000, 0x0000000100000000)
  eden space 2560K, 0% used [0x00000000d5580000,0x00000000d5580000,0x00000000d5800000)
  from space 512K, 71% used [0x00000000d5800000,0x00000000d585c010,0x00000000d5880000)
  to   space 1024K, 0% used [0x00000000d5900000,0x00000000d5900000,0x00000000d5a00000)
 ParOldGen       total 468992K, used 58572K [0x0000000080000000, 0x000000009ca00000, 0x00000000d5580000)
  object space 468992K, 12% used [0x0000000080000000,0x0000000083933248,0x000000009ca00000)
 Metaspace       used 74163K, committed 75968K, reserved 1179648K
  class space    used 7546K, committed 8320K, reserved 1048576K
}
Event: 11860.053 GC heap before
{Heap before GC invocations=482 (full 4):
 PSYoungGen      total 3072K, used 2928K [0x00000000d5580000, 0x00000000d5a00000, 0x0000000100000000)
  eden space 2560K, 100% used [0x00000000d5580000,0x00000000d5800000,0x00000000d5800000)
  from space 512K, 71% used [0x00000000d5800000,0x00000000d585c010,0x00000000d5880000)
  to   space 1024K, 0% used [0x00000000d5900000,0x00000000d5900000,0x00000000d5a00000)
 ParOldGen       total 468992K, used 58572K [0x0000000080000000, 0x000000009ca00000, 0x00000000d5580000)
  object space 468992K, 12% used [0x0000000080000000,0x0000000083933248,0x000000009ca00000)
 Metaspace       used 74164K, committed 75968K, reserved 1179648K
  class space    used 7546K, committed 8320K, reserved 1048576K
}
Event: 11860.056 GC heap after
{Heap after GC invocations=482 (full 4):
 PSYoungGen      total 3584K, used 800K [0x00000000d5580000, 0x00000000d5a00000, 0x0000000100000000)
  eden space 2560K, 0% used [0x00000000d5580000,0x00000000d5580000,0x00000000d5800000)
  from space 1024K, 78% used [0x00000000d5900000,0x00000000d59c8000,0x00000000d5a00000)
  to   space 1024K, 0% used [0x00000000d5800000,0x00000000d5800000,0x00000000d5900000)
 ParOldGen       total 468992K, used 58812K [0x0000000080000000, 0x000000009ca00000, 0x00000000d5580000)
  object space 468992K, 12% used [0x0000000080000000,0x000000008396f268,0x000000009ca00000)
 Metaspace       used 74164K, committed 75968K, reserved 1179648K
  class space    used 7546K, committed 8320K, reserved 1048576K
}
Event: 11860.059 GC heap before
{Heap before GC invocations=483 (full 4):
 PSYoungGen      total 3584K, used 3359K [0x00000000d5580000, 0x00000000d5a00000, 0x0000000100000000)
  eden space 2560K, 99% used [0x00000000d5580000,0x00000000d57ffff0,0x00000000d5800000)
  from space 1024K, 78% used [0x00000000d5900000,0x00000000d59c8000,0x00000000d5a00000)
  to   space 1024K, 0% used [0x00000000d5800000,0x00000000d5800000,0x00000000d5900000)
 ParOldGen       total 468992K, used 58812K [0x0000000080000000, 0x000000009ca00000, 0x00000000d5580000)
  object space 468992K, 12% used [0x0000000080000000,0x000000008396f268,0x000000009ca00000)
 Metaspace       used 74164K, committed 75968K, reserved 1179648K
  class space    used 7546K, committed 8320K, reserved 1048576K
}
Event: 11860.067 GC heap after
{Heap after GC invocations=483 (full 4):
 PSYoungGen      total 3584K, used 288K [0x00000000d5580000, 0x00000000d5980000, 0x0000000100000000)
  eden space 2560K, 0% used [0x00000000d5580000,0x00000000d5580000,0x00000000d5800000)
  from space 1024K, 28% used [0x00000000d5800000,0x00000000d5848000,0x00000000d5900000)
  to   space 512K, 0% used [0x00000000d5900000,0x00000000d5900000,0x00000000d5980000)
 ParOldGen       total 468992K, used 59489K [0x0000000080000000, 0x000000009ca00000, 0x00000000d5580000)
  object space 468992K, 12% used [0x0000000080000000,0x0000000083a18758,0x000000009ca00000)
 Metaspace       used 74164K, committed 75968K, reserved 1179648K
  class space    used 7546K, committed 8320K, reserved 1048576K
}
Event: 11861.841 GC heap before
{Heap before GC invocations=484 (full 4):
 PSYoungGen      total 3584K, used 2848K [0x00000000d5580000, 0x00000000d5980000, 0x0000000100000000)
  eden space 2560K, 100% used [0x00000000d5580000,0x00000000d5800000,0x00000000d5800000)
  from space 1024K, 28% used [0x00000000d5800000,0x00000000d5848000,0x00000000d5900000)
  to   space 512K, 0% used [0x00000000d5900000,0x00000000d5900000,0x00000000d5980000)
 ParOldGen       total 468992K, used 59489K [0x0000000080000000, 0x000000009ca00000, 0x00000000d5580000)
  object space 468992K, 12% used [0x0000000080000000,0x0000000083a18758,0x000000009ca00000)
 Metaspace       used 74178K, committed 75968K, reserved 1179648K
  class space    used 7546K, committed 8320K, reserved 1048576K
}
Event: 11861.842 GC heap after
{Heap after GC invocations=484 (full 4):
 PSYoungGen      total 3072K, used 448K [0x00000000d5580000, 0x00000000d5980000, 0x0000000100000000)
  eden space 2560K, 0% used [0x00000000d5580000,0x00000000d5580000,0x00000000d5800000)
  from space 512K, 87% used [0x00000000d5900000,0x00000000d5970000,0x00000000d5980000)
  to   space 512K, 0% used [0x00000000d5880000,0x00000000d5880000,0x00000000d5900000)
 ParOldGen       total 468992K, used 59617K [0x0000000080000000, 0x000000009ca00000, 0x00000000d5580000)
  object space 468992K, 12% used [0x0000000080000000,0x0000000083a38758,0x000000009ca00000)
 Metaspace       used 74178K, committed 75968K, reserved 1179648K
  class space    used 7546K, committed 8320K, reserved 1048576K
}

